<?xml version="1.0" encoding="UTF-8"?>
<!-- Generated by org.testng.reporters.JUnitReportReporter -->
<testsuite hostname="395-CNU40791QP" name="health.med.testclass" tests="1" failures="0" timestamp="16 Jun 2015 21:05:01 GMT" time="59.864" errors="0">
  <testcase name="testLogin" time="59.864" classname="health.med.testclass"/>
</testsuite> <!-- health.med.testclass -->
