<?xml version="1.0" encoding="UTF-8"?>
<!-- Generated by org.testng.reporters.JUnitReportReporter -->
<testsuite hostname="395-CNU40791QP" name="health.med.excleprac" tests="1" failures="0" timestamp="16 Jun 2015 18:01:34 GMT" time="6.617" errors="0">
  <testcase name="readdata" time="6.617" classname="health.med.excleprac"/>
</testsuite> <!-- health.med.excleprac -->
