<?xml version="1.0" encoding="UTF-8"?>
<!-- Generated by org.testng.reporters.JUnitReportReporter -->
<testsuite hostname="395-CNU40791QP" name="health.med.TitleVerify" tests="1" failures="0" timestamp="3 Jun 2015 02:35:40 GMT" time="21098.689" errors="0">
  <testcase name="test1" time="21098.689" classname="health.med.TitleVerify"/>
</testsuite> <!-- health.med.TitleVerify -->
