<?xml version="1.0" encoding="UTF-8"?>
<!-- Generated by org.testng.reporters.JUnitReportReporter -->
<testsuite hostname="395-CNU40791QP" name="testImage.TestImage" tests="1" failures="0" timestamp="1 May 2015 19:22:07 GMT" time="17.725" errors="0">
  <testcase name="test" time="17.725" classname="testImage.TestImage"/>
</testsuite> <!-- testImage.TestImage -->
