<?xml version="1.0" encoding="UTF-8"?>
<!-- Generated by org.testng.reporters.JUnitReportReporter -->
<testsuite hostname="395-CNU40791QP" name="admin.reports.test.AdminLogInPage" tests="5" failures="0" timestamp="28 Jan 2015 18:05:02 GMT" time="101.395" errors="0">
  <testcase name="VerifyErrorLogInMessages" time="12.386" classname="admin.reports.test.AdminLogInPage"/>
  <testcase name="VerifyErrorMessages" time="42.585" classname="admin.reports.test.AdminLogInPage"/>
  <testcase name="VerifyLoginAdminReport" time="13.443" classname="admin.reports.test.AdminLogInPage"/>
  <testcase name="VerifyDisplayedLoginpage" time="13.056" classname="admin.reports.test.AdminLogInPage"/>
  <testcase name="VerifySignOutFunctionality" time="19.925" classname="admin.reports.test.AdminLogInPage"/>
</testsuite> <!-- admin.reports.test.AdminLogInPage -->
