<?xml version="1.0" encoding="UTF-8"?>
<!-- Generated by org.testng.reporters.JUnitReportReporter -->
<testsuite hostname="395-CNU40791QP" name="med.OLP.regression.Step3ObGynandEndoVideoTitlle" tests="1" failures="0" timestamp="18 May 2015 18:40:48 GMT" time="43.121" errors="0">
  <testcase name="VerifyInternalMedicine" time="43.121" classname="med.OLP.regression.Step3ObGynandEndoVideoTitlle"/>
</testsuite> <!-- med.OLP.regression.Step3ObGynandEndoVideoTitlle -->
